<?xml version="1.0" encoding="UTF-8"?>
<!-- Generated by org.testng.reporters.JUnitReportReporter -->
<testsuite hostname="LPBIHSIND0984" failures="0" tests="2" name="Learnframework.Omslogin" time="13.306" errors="0" timestamp="2024-02-07T10:22:19 IST" skipped="0">
  <testcase classname="Learnframework.Omslogin" name="validlogin" time="8.387"/>
  <system-out/>
  <testcase classname="Learnframework.Omslogin" name="invalidlogin" time="4.919"/>
  <system-out/>
</testsuite> <!-- Learnframework.Omslogin -->
